This file contains any messages produced by compilers while
running configure, to aid debugging if configure makes a mistake.

It was created by kinfold configure 1.4, which was
generated by GNU Autoconf 2.71.  Invocation command line was

  $ ./configure --disable-option-checking --prefix=/Users/devpatelio/foldingoptimizer/seqs CC=gcc CXX=g++ 'CFLAGS=-g -O2' 'CXXFLAGS=-g -O2' AR=ar RANLIB=ranlib 'NM=/usr/bin/nm -B' 'VRNA_CFLAGS=-I$(top_srcdir)/../../src/ViennaRNA -I$(top_srcdir)/../../src' 'VRNA_LIBS=-fno-strict-aliasing -L$(top_builddir)/../../src/ViennaRNA -lRNA -lpthread -lmpfr -lgmp -lstdc++' --cache-file=/dev/null --srcdir=.

## --------- ##
## Platform. ##
## --------- ##

hostname = Develios-MacBook-Pro.local
uname -m = x86_64
uname -r = 20.6.0
uname -s = Darwin
uname -v = Darwin Kernel Version 20.6.0: Mon Aug 30 06:12:21 PDT 2021; root:xnu-7195.141.6~3/RELEASE_X86_64

/usr/bin/uname -p = i386
/bin/uname -X     = unknown

/bin/arch              = unknown
/usr/bin/arch -k       = unknown
/usr/convex/getsysinfo = unknown
/usr/bin/hostinfo      = Mach kernel version:
	 Darwin Kernel Version 20.6.0: Mon Aug 30 06:12:21 PDT 2021; root:xnu-7195.141.6~3/RELEASE_X86_64
Kernel configured for up to 12 processors.
6 processors are physically available.
12 processors are logically available.
Processor type: x86_64h (Intel x86-64h Haswell)
Processors active: 0 1 2 3 4 5 6 7 8 9 10 11
Primary memory available: 32.00 gigabytes
Default processor set: 661 tasks, 4096 threads, 12 processors
Load average: 6.54, Mach factor: 5.69
/bin/machine           = unknown
/usr/bin/oslevel       = unknown
/bin/universe          = unknown

PATH: /Users/devpatelio/google-cloud-sdk/bin/
PATH: /Library/Frameworks/Python.framework/Versions/3.9/bin/
PATH: /usr/local/bin/
PATH: /usr/bin/
PATH: /bin/
PATH: /usr/sbin/
PATH: /sbin/
PATH: /Library/TeX/texbin/
PATH: /Users/devpatelio/google-cloud-sdk/bin/
PATH: /Users/devpatelio/miniconda3/bin/
PATH: /Users/devpatelio/miniconda3/condabin/
PATH: /Library/Frameworks/Python.framework/Versions/3.9/bin/


## ----------- ##
## Core tests. ##
## ----------- ##

configure:2328: looking for aux files: config.guess config.sub compile missing install-sh
configure:2341:  trying ./
configure:2370:   ./config.guess found
configure:2370:   ./config.sub found
configure:2370:   ./compile found
configure:2370:   ./missing found
configure:2352:   ./install-sh found
configure:2495: checking whether make supports nested variables
configure:2513: result: yes
configure:2542: checking for a BSD-compatible install
configure:2615: result: /usr/bin/install -c
configure:2626: checking whether build environment is sane
configure:2681: result: yes
configure:2840: checking for a race-free mkdir -p
configure:2884: result: ./install-sh -c -d
configure:2891: checking for gawk
configure:2926: result: no
configure:2891: checking for mawk
configure:2926: result: no
configure:2891: checking for nawk
configure:2926: result: no
configure:2891: checking for awk
configure:2912: found /usr/bin/awk
configure:2923: result: awk
configure:2934: checking whether make sets $(MAKE)
configure:2957: result: yes
configure:3087: checking if malloc debugging is wanted
configure:3106: result: no
configure:3174: checking for gcc
configure:3206: result: gcc
configure:3559: checking for C compiler version
configure:3568: gcc --version >&5
Apple clang version 12.0.0 (clang-1200.0.32.21)
Target: x86_64-apple-darwin20.6.0
Thread model: posix
InstalledDir: /Library/Developer/CommandLineTools/usr/bin
Configured with: --prefix=/Library/Developer/CommandLineTools/usr --with-gxx-include-dir=/Library/Developer/CommandLineTools/SDKs/MacOSX.sdk/usr/include/c++/4.2.1
configure:3579: $? = 0
configure:3568: gcc -v >&5
Configured with: --prefix=/Library/Developer/CommandLineTools/usr --with-gxx-include-dir=/Library/Developer/CommandLineTools/SDKs/MacOSX.sdk/usr/include/c++/4.2.1
Apple clang version 12.0.0 (clang-1200.0.32.21)
Target: x86_64-apple-darwin20.6.0
Thread model: posix
InstalledDir: /Library/Developer/CommandLineTools/usr/bin
configure:3579: $? = 0
configure:3568: gcc -V >&5
clang: error: argument to '-V' is missing (expected 1 value)
clang: error: no input files
configure:3579: $? = 1
configure:3568: gcc -qversion >&5
clang: error: unknown argument '-qversion'; did you mean '--version'?
clang: error: no input files
configure:3579: $? = 1
configure:3568: gcc -version >&5
clang: error: unknown argument '-version'; did you mean '--version'?
clang: error: no input files
configure:3579: $? = 1
configure:3599: checking whether the C compiler works
configure:3621: gcc -g -O2   conftest.c  >&5
configure:3625: $? = 0
configure:3675: result: yes
configure:3678: checking for C compiler default output file name
configure:3680: result: a.out
configure:3686: checking for suffix of executables
configure:3693: gcc -o conftest -g -O2   conftest.c  >&5
configure:3697: $? = 0
configure:3720: result: 
configure:3742: checking whether we are cross compiling
configure:3750: gcc -o conftest -g -O2   conftest.c  >&5
configure:3754: $? = 0
configure:3761: ./conftest
configure:3765: $? = 0
configure:3780: result: no
configure:3785: checking for suffix of object files
configure:3808: gcc -c -g -O2  conftest.c >&5
configure:3812: $? = 0
configure:3834: result: o
configure:3838: checking whether the compiler supports GNU C
configure:3858: gcc -c -g -O2  conftest.c >&5
configure:3858: $? = 0
configure:3868: result: yes
configure:3879: checking whether gcc accepts -g
configure:3900: gcc -c -g  conftest.c >&5
configure:3900: $? = 0
configure:3944: result: yes
configure:3964: checking for gcc option to enable C11 features
configure:3979: gcc  -c -g -O2  conftest.c >&5
configure:3979: $? = 0
configure:3997: result: none needed
configure:4113: checking whether gcc understands -c and -o together
configure:4136: gcc -c conftest.c -o conftest2.o
configure:4139: $? = 0
configure:4136: gcc -c conftest.c -o conftest2.o
configure:4139: $? = 0
configure:4151: result: yes
configure:4171: checking whether make supports the include directive
configure:4186: make -f confmf.GNU && cat confinc.out
this is the am__doit target
configure:4189: $? = 0
configure:4208: result: yes (GNU style)
configure:4234: checking dependency style of gcc
configure:4346: result: gcc3
configure:4376: checking build system type
configure:4391: result: x86_64-apple-darwin20.6.0
configure:4411: checking host system type
configure:4425: result: x86_64-apple-darwin20.6.0
configure:4447: checking for strdup
configure:4447: gcc -o conftest -g -O2   conftest.c  >&5
conftest.c:27:6: warning: incompatible redeclaration of library function 'strdup' [-Wincompatible-library-redeclaration]
char strdup ();
     ^
conftest.c:27:6: note: 'strdup' is a builtin with type 'char *(const char *)'
1 warning generated.
configure:4447: $? = 0
configure:4447: result: yes
configure:4453: checking for memset
configure:4453: gcc -o conftest -g -O2   conftest.c  >&5
conftest.c:28:6: warning: incompatible redeclaration of library function 'memset' [-Wincompatible-library-redeclaration]
char memset ();
     ^
conftest.c:28:6: note: 'memset' is a builtin with type 'void *(void *, int, unsigned long)'
1 warning generated.
configure:4453: $? = 0
configure:4453: result: yes
configure:4459: checking for strchr
configure:4459: gcc -o conftest -g -O2   conftest.c  >&5
conftest.c:29:6: warning: incompatible redeclaration of library function 'strchr' [-Wincompatible-library-redeclaration]
char strchr ();
     ^
conftest.c:29:6: note: 'strchr' is a builtin with type 'char *(const char *, int)'
1 warning generated.
configure:4459: $? = 0
configure:4459: result: yes
configure:4526: checking for pkg-config
configure:4564: result: no
configure:4618: checking for VRNA
configure:4863: result: yes
configure:4916: checking for stdio.h
configure:4916: gcc -c -g -O2  conftest.c >&5
configure:4916: $? = 0
configure:4916: result: yes
configure:4916: checking for stdlib.h
configure:4916: gcc -c -g -O2  conftest.c >&5
configure:4916: $? = 0
configure:4916: result: yes
configure:4916: checking for string.h
configure:4916: gcc -c -g -O2  conftest.c >&5
configure:4916: $? = 0
configure:4916: result: yes
configure:4916: checking for inttypes.h
configure:4916: gcc -c -g -O2  conftest.c >&5
configure:4916: $? = 0
configure:4916: result: yes
configure:4916: checking for stdint.h
configure:4916: gcc -c -g -O2  conftest.c >&5
configure:4916: $? = 0
configure:4916: result: yes
configure:4916: checking for strings.h
configure:4916: gcc -c -g -O2  conftest.c >&5
configure:4916: $? = 0
configure:4916: result: yes
configure:4916: checking for sys/stat.h
configure:4916: gcc -c -g -O2  conftest.c >&5
configure:4916: $? = 0
configure:4916: result: yes
configure:4916: checking for sys/types.h
configure:4916: gcc -c -g -O2  conftest.c >&5
configure:4916: $? = 0
configure:4916: result: yes
configure:4916: checking for unistd.h
configure:4916: gcc -c -g -O2  conftest.c >&5
configure:4916: $? = 0
configure:4916: result: yes
configure:4942: checking for grep that handles long lines and -e
configure:5006: result: /usr/bin/grep
configure:5011: checking for egrep
configure:5079: result: /usr/bin/grep -E
configure:5085: checking for stdlib.h
configure:5085: result: yes
configure:5091: checking for string.h
configure:5091: result: yes
configure:5097: checking for strings.h
configure:5097: result: yes
configure:5103: checking for unistd.h
configure:5103: result: yes
configure:5111: checking for exp in -lm
configure:5134: gcc -o conftest -g -O2   conftest.c -lm   >&5
conftest.c:33:6: warning: incompatible redeclaration of library function 'exp' [-Wincompatible-library-redeclaration]
char exp ();
     ^
conftest.c:33:6: note: 'exp' is a builtin with type 'double (double)'
1 warning generated.
configure:5134: $? = 0
configure:5144: result: yes
configure:5155: checking for an ANSI C-conforming const
configure:5222: gcc -c -g -O2  conftest.c >&5
configure:5222: $? = 0
configure:5230: result: yes
configure:5351: checking that generated files are newer than configure
configure:5357: result: done
configure:5388: creating ./config.status

## ---------------------- ##
## Running config.status. ##
## ---------------------- ##

This file was extended by kinfold config.status 1.4, which was
generated by GNU Autoconf 2.71.  Invocation command line was

  CONFIG_FILES    = 
  CONFIG_HEADERS  = 
  CONFIG_LINKS    = 
  CONFIG_COMMANDS = 
  $ ./config.status 

on Develios-MacBook-Pro.local

config.status:875: creating Example/Makefile
config.status:875: creating Makefile
config.status:875: creating config.h
config.status:1104: executing depfiles commands
config.status:1181: cd .       && sed -e '/# am--include-marker/d' Makefile         | make -f - am--depfiles
config.status:1186: $? = 0

## ---------------- ##
## Cache variables. ##
## ---------------- ##

ac_cv_build=x86_64-apple-darwin20.6.0
ac_cv_c_compiler_gnu=yes
ac_cv_c_const=yes
ac_cv_env_CC_set=set
ac_cv_env_CC_value=gcc
ac_cv_env_CFLAGS_set=set
ac_cv_env_CFLAGS_value='-g -O2'
ac_cv_env_CPPFLAGS_set=
ac_cv_env_CPPFLAGS_value=
ac_cv_env_LDFLAGS_set=
ac_cv_env_LDFLAGS_value=
ac_cv_env_LIBS_set=
ac_cv_env_LIBS_value=
ac_cv_env_PKG_CONFIG_LIBDIR_set=
ac_cv_env_PKG_CONFIG_LIBDIR_value=
ac_cv_env_PKG_CONFIG_PATH_set=
ac_cv_env_PKG_CONFIG_PATH_value=
ac_cv_env_PKG_CONFIG_set=
ac_cv_env_PKG_CONFIG_value=
ac_cv_env_VRNA2_CFLAGS_set=
ac_cv_env_VRNA2_CFLAGS_value=
ac_cv_env_VRNA2_LIBS_set=
ac_cv_env_VRNA2_LIBS_value=
ac_cv_env_VRNA_CFLAGS_set=set
ac_cv_env_VRNA_CFLAGS_value='-I$(top_srcdir)/../../src/ViennaRNA -I$(top_srcdir)/../../src'
ac_cv_env_VRNA_LIBS_set=set
ac_cv_env_VRNA_LIBS_value='-fno-strict-aliasing -L$(top_builddir)/../../src/ViennaRNA -lRNA -lpthread -lmpfr -lgmp -lstdc++'
ac_cv_env_build_alias_set=
ac_cv_env_build_alias_value=
ac_cv_env_host_alias_set=
ac_cv_env_host_alias_value=
ac_cv_env_target_alias_set=
ac_cv_env_target_alias_value=
ac_cv_func_memset=yes
ac_cv_func_strchr=yes
ac_cv_func_strdup=yes
ac_cv_header_inttypes_h=yes
ac_cv_header_stdint_h=yes
ac_cv_header_stdio_h=yes
ac_cv_header_stdlib_h=yes
ac_cv_header_string_h=yes
ac_cv_header_strings_h=yes
ac_cv_header_sys_stat_h=yes
ac_cv_header_sys_types_h=yes
ac_cv_header_unistd_h=yes
ac_cv_host=x86_64-apple-darwin20.6.0
ac_cv_lib_m_exp=yes
ac_cv_objext=o
ac_cv_path_EGREP='/usr/bin/grep -E'
ac_cv_path_GREP=/usr/bin/grep
ac_cv_path_install='/usr/bin/install -c'
ac_cv_prog_AWK=awk
ac_cv_prog_ac_ct_CC=gcc
ac_cv_prog_cc_c11=
ac_cv_prog_cc_g=yes
ac_cv_prog_cc_stdc=
ac_cv_prog_make_make_set=yes
am_cv_CC_dependencies_compiler_type=gcc3
am_cv_make_support_nested_variables=yes
am_cv_prog_cc_c_o=yes
pkg_cv_VRNA_CFLAGS='-I$(top_srcdir)/../../src/ViennaRNA -I$(top_srcdir)/../../src'
pkg_cv_VRNA_LIBS='-fno-strict-aliasing -L$(top_builddir)/../../src/ViennaRNA -lRNA -lpthread -lmpfr -lgmp -lstdc++'

## ----------------- ##
## Output variables. ##
## ----------------- ##

ACLOCAL='${SHELL} '\''/Users/devpatelio/Downloads/Coding/Computational_Biology/mRNA-Fold/setup/ViennaRNA-2.4.18/src/Kinfold/missing'\'' aclocal-1.16'
AMDEPBACKSLASH='\'
AMDEP_FALSE='#'
AMDEP_TRUE=''
AMTAR='$${TAR-tar}'
AM_BACKSLASH='\'
AM_DEFAULT_V='$(AM_DEFAULT_VERBOSITY)'
AM_DEFAULT_VERBOSITY='0'
AM_V='$(V)'
AUTOCONF='${SHELL} '\''/Users/devpatelio/Downloads/Coding/Computational_Biology/mRNA-Fold/setup/ViennaRNA-2.4.18/src/Kinfold/missing'\'' autoconf'
AUTOHEADER='${SHELL} '\''/Users/devpatelio/Downloads/Coding/Computational_Biology/mRNA-Fold/setup/ViennaRNA-2.4.18/src/Kinfold/missing'\'' autoheader'
AUTOMAKE='${SHELL} '\''/Users/devpatelio/Downloads/Coding/Computational_Biology/mRNA-Fold/setup/ViennaRNA-2.4.18/src/Kinfold/missing'\'' automake-1.16'
AWK='awk'
CC='gcc'
CCDEPMODE='depmode=gcc3'
CFLAGS='-g -O2'
CPPFLAGS=''
CYGPATH_W='echo'
DEFS='-DHAVE_CONFIG_H'
DEPDIR='.deps'
ECHO_C='\c'
ECHO_N=''
ECHO_T=''
EGREP='/usr/bin/grep -E'
EXEEXT=''
GREP='/usr/bin/grep'
INSTALL_DATA='${INSTALL} -m 644'
INSTALL_PROGRAM='${INSTALL}'
INSTALL_SCRIPT='${INSTALL}'
INSTALL_STRIP_PROGRAM='$(install_sh) -c -s'
ISODATE='2021-11-06'
LDFLAGS=''
LIBOBJS=''
LIBS='-lm '
LTLIBOBJS=''
MAKEINFO='${SHELL} '\''/Users/devpatelio/Downloads/Coding/Computational_Biology/mRNA-Fold/setup/ViennaRNA-2.4.18/src/Kinfold/missing'\'' makeinfo'
MKDIR_P='./install-sh -c -d'
OBJEXT='o'
PACKAGE='Kinfold'
PACKAGE_BUGREPORT='rna@tbi.univie.ac.at'
PACKAGE_NAME='kinfold'
PACKAGE_STRING='kinfold 1.4'
PACKAGE_TARNAME='Kinfold'
PACKAGE_URL=''
PACKAGE_VERSION='1.4'
PATH_SEPARATOR=':'
PKG_CONFIG=''
PKG_CONFIG_LIBDIR=''
PKG_CONFIG_PATH=''
SET_MAKE=''
SHELL='/bin/sh'
STRIP=''
VERSION='1.4'
VRNA2_CFLAGS=''
VRNA2_LIBS=''
VRNA_CFLAGS='-I$(top_srcdir)/../../src/ViennaRNA -I$(top_srcdir)/../../src'
VRNA_LIBS='-fno-strict-aliasing -L$(top_builddir)/../../src/ViennaRNA -lRNA -lpthread -lmpfr -lgmp -lstdc++'
WITH_LIBRNA_API2_FALSE=''
WITH_LIBRNA_API2_TRUE='#'
WITH_LIBRNA_API3_FALSE='#'
WITH_LIBRNA_API3_TRUE=''
ac_ct_CC='gcc'
am__EXEEXT_FALSE=''
am__EXEEXT_TRUE='#'
am__fastdepCC_FALSE='#'
am__fastdepCC_TRUE=''
am__include='include'
am__isrc=''
am__leading_dot='.'
am__nodep='_no'
am__quote=''
am__tar='$${TAR-tar} chof - "$$tardir"'
am__untar='$${TAR-tar} xf -'
bindir='${exec_prefix}/bin'
build='x86_64-apple-darwin20.6.0'
build_alias=''
build_cpu='x86_64'
build_os='darwin20.6.0'
build_vendor='apple'
datadir='${datarootdir}'
datarootdir='${prefix}/share'
docdir='${datarootdir}/doc/${PACKAGE_TARNAME}'
dvidir='${docdir}'
exec_prefix='${prefix}'
host='x86_64-apple-darwin20.6.0'
host_alias=''
host_cpu='x86_64'
host_os='darwin20.6.0'
host_vendor='apple'
htmldir='${docdir}'
includedir='${prefix}/include'
infodir='${datarootdir}/info'
install_sh='${SHELL} /Users/devpatelio/Downloads/Coding/Computational_Biology/mRNA-Fold/setup/ViennaRNA-2.4.18/src/Kinfold/install-sh'
libdir='${exec_prefix}/lib'
libexecdir='${exec_prefix}/libexec'
localedir='${datarootdir}/locale'
localstatedir='${prefix}/var'
mandir='${datarootdir}/man'
mkdir_p='$(MKDIR_P)'
oldincludedir='/usr/include'
pdfdir='${docdir}'
prefix='/Users/devpatelio/foldingoptimizer/seqs'
program_transform_name='s,x,x,'
psdir='${docdir}'
runstatedir='${localstatedir}/run'
sbindir='${exec_prefix}/sbin'
sharedstatedir='${prefix}/com'
sysconfdir='${prefix}/etc'
target_alias=''

## ----------- ##
## confdefs.h. ##
## ----------- ##

/* confdefs.h */
#define PACKAGE_NAME "kinfold"
#define PACKAGE_TARNAME "Kinfold"
#define PACKAGE_VERSION "1.4"
#define PACKAGE_STRING "kinfold 1.4"
#define PACKAGE_BUGREPORT "rna@tbi.univie.ac.at"
#define PACKAGE_URL ""
#define PACKAGE "Kinfold"
#define VERSION "1.4"
#define HAVE_STRDUP 1
#define HAVE_MEMSET 1
#define HAVE_STRCHR 1
#define HAVE_LIBRNA_API3 1
#define HAVE_STDIO_H 1
#define HAVE_STDLIB_H 1
#define HAVE_STRING_H 1
#define HAVE_INTTYPES_H 1
#define HAVE_STDINT_H 1
#define HAVE_STRINGS_H 1
#define HAVE_SYS_STAT_H 1
#define HAVE_SYS_TYPES_H 1
#define HAVE_UNISTD_H 1
#define STDC_HEADERS 1
#define HAVE_STDLIB_H 1
#define HAVE_STRING_H 1
#define HAVE_STRINGS_H 1
#define HAVE_UNISTD_H 1
#define HAVE_LIBM 1

configure: exit 0
